1 | ivan.simic2903@gmail.com |  | 12 |  | 
We are now processing your *Order #1*

Your order will be delivered to your email in 12 hours or less.

If this is your first order your new account will be created automatically

In order to automatically login to your account just <https://melissa.test/dashboard.php?check_email=ivan.simic2903@gmail.com|Click Here!>

_With Love!_
*Melissa*
			  
 | {} | {} | [{"id":"msg_7c3uLJhScapE4T3PWg1W88"},{"id":"msg_4Utt7vb1gmo81hfO99p8Fi"}] | {}
2 | ivan.simic2903@gmail.com |  | 24 |  | 
We are now processing your *Order #2*

Your order will be delivered to your email in 24 hours or less.

If this is your first order your new account will be created automatically

In order to automatically login to your account just <https://melissa.test/dashboard.php?check_email=ivan.simic2903@gmail.com|Click Here!>

_With Love!_
*Melissa*
			  
 | {} | {} | [{"id":"msg_60a0A6kuT4ll8MsiLADxgv"},{"id":"msg_18Mv1GyGEkipbcWcvXAg1C"}] | {}
3 | ivan.simic2903@gmail.com | Past Life Drawing | 24 |  | 
We are now processing your *Order #3*

Your order will be delivered to your email in 24 hours or less.

If this is your first order your new account will be created automatically

In order to automatically login to your account just <https://melissa.test/dashboard.php?check_email=ivan.simic2903@gmail.com|Click Here!>

_With Love!_
*Melissa*
			  
 | {} | {} | [{"id":"msg_7QJq8PUGkiYVjs5mu9jrgh"},{"id":"msg_2bUpyeJ9JV6M9TZXRfeEDb"}] | {}
